<?xml version="1.0" encoding="UTF-8"?>
<testng-results ignored="0" total="1" passed="1" failed="0" skipped="0">
  <reporter-output>
  </reporter-output>
  <suite started-at="2024-05-12T21:27:55 IST" name="Suite" finished-at="2024-05-12T21:28:41 IST" duration-ms="46941">
    <groups>
    </groups>
    <test started-at="2024-05-12T21:27:55 IST" name="Test" finished-at="2024-05-12T21:28:41 IST" duration-ms="46941">
      <class name="testcases.TC_001">
        <test-method signature="method1()[pri:0, instance:testcases.TC_001@4612b856]" started-at="2024-05-12T21:27:55 IST" name="method1" finished-at="2024-05-12T21:28:39 IST" duration-ms="44002" status="PASS">
          <reporter-output>
          </reporter-output>
        </test-method> <!-- method1 -->
        <test-method is-config="true" signature="last()[pri:0, instance:testcases.TC_001@4612b856]" started-at="2024-05-12T21:28:39 IST" name="last" finished-at="2024-05-12T21:28:41 IST" duration-ms="2834" status="PASS">
          <reporter-output>
          </reporter-output>
        </test-method> <!-- last -->
      </class> <!-- testcases.TC_001 -->
    </test> <!-- Test -->
  </suite> <!-- Suite -->
</testng-results>
