<?xml version="1.0" encoding="UTF-8"?>
<testng-results ignored="0" total="1" passed="1" failed="0" skipped="0">
  <reporter-output>
  </reporter-output>
  <suite started-at="2024-05-12T21:23:37 IST" name="Suite" finished-at="2024-05-12T21:23:52 IST" duration-ms="14725">
    <groups>
    </groups>
    <test started-at="2024-05-12T21:23:37 IST" name="Test" finished-at="2024-05-12T21:23:52 IST" duration-ms="14725">
      <class name="testcases.TC_001">
        <test-method signature="method1()[pri:0, instance:testcases.TC_001@178213b]" started-at="2024-05-12T21:23:37 IST" name="method1" finished-at="2024-05-12T21:23:52 IST" duration-ms="14273" status="PASS">
          <reporter-output>
          </reporter-output>
        </test-method> <!-- method1 -->
        <test-method is-config="true" signature="last()[pri:0, instance:testcases.TC_001@178213b]" started-at="2024-05-12T21:23:52 IST" name="last" finished-at="2024-05-12T21:23:52 IST" duration-ms="352" status="PASS">
          <reporter-output>
          </reporter-output>
        </test-method> <!-- last -->
      </class> <!-- testcases.TC_001 -->
    </test> <!-- Test -->
  </suite> <!-- Suite -->
</testng-results>
